Project Final/WorkoutWarrior/app/build/intermediates/manifest_merge_blame_file/debug/manifest-merger-blame-debug-report.txt
1<?xml version="1.0" encoding="utf-8"?>
2<manifest xmlns:android="http://schemas.android.com/apk/res/android"
3    package="com.workoutwarrior.workoutwarrior"
4    android:versionCode="1"
5    android:versionName="1.0" >
6
7    <uses-sdk
8        android:minSdkVersion="28"
8-->src\main\AndroidManifest.xml
9        android:targetSdkVersion="33" />
9-->src\main\AndroidManifest.xml
10
11    <uses-permission android:name="android.permission.INTERNET" />
11-->src\main\AndroidManifest.xml:4:5-67
11-->src\main\AndroidManifest.xml:4:22-64
12
13    <permission
13-->[androidx.core:core:1.9.0] AndroidManifest.xml:22:5-24:47
14        android:name="com.workoutwarrior.workoutwarrior.DYNAMIC_RECEIVER_NOT_EXPORTED_PERMISSION"
14-->[androidx.core:core:1.9.0] AndroidManifest.xml:23:9-81
15        android:protectionLevel="signature" />
15-->[androidx.core:core:1.9.0] AndroidManifest.xml:24:9-44
16
17    <uses-permission android:name="com.workoutwarrior.workoutwarrior.DYNAMIC_RECEIVER_NOT_EXPORTED_PERMISSION" />
17-->[androidx.core:core:1.9.0] AndroidManifest.xml:26:5-97
17-->[androidx.core:core:1.9.0] AndroidManifest.xml:26:22-94
18
19    <application
19-->src\main\AndroidManifest.xml:6:5-65:19
20        android:name="com.workoutwarrior.workoutwarrior.WorkoutWarriorApplication"
20-->src\main\AndroidManifest.xml:7:9-50
21        android:allowBackup="true"
21-->src\main\AndroidManifest.xml:8:9-35
22        android:appComponentFactory="androidx.core.app.CoreComponentFactory"
22-->[androidx.core:core:1.9.0] AndroidManifest.xml:28:18-86
23        android:dataExtractionRules="@xml/data_extraction_rules"
23-->src\main\AndroidManifest.xml:9:9-65
24        android:debuggable="true"
25        android:extractNativeLibs="false"
26        android:fullBackupContent="@xml/backup_rules"
26-->src\main\AndroidManifest.xml:10:9-54
27        android:icon="@mipmap/ic_launcher"
27-->src\main\AndroidManifest.xml:11:9-43
28        android:label="@string/app_name"
28-->src\main\AndroidManifest.xml:12:9-41
29        android:roundIcon="@mipmap/ic_launcher_round"
29-->src\main\AndroidManifest.xml:13:9-54
30        android:supportsRtl="true"
30-->src\main\AndroidManifest.xml:14:9-35
31        android:testOnly="true"
32        android:theme="@style/Theme.WorkoutWarrior"
32-->src\main\AndroidManifest.xml:15:9-52
33        android:usesCleartextTraffic="true" >
33-->src\main\AndroidManifest.xml:16:9-44
34        <activity
34-->src\main\AndroidManifest.xml:18:9-21:61
35            android:name="com.workoutwarrior.workoutwarrior.UpdateUserActivity"
35-->src\main\AndroidManifest.xml:19:13-80
36            android:exported="false"
36-->src\main\AndroidManifest.xml:20:13-37
37            android:parentActivityName="com.workoutwarrior.workoutwarrior.UserInfoActivity" />
37-->src\main\AndroidManifest.xml:21:13-59
38        <activity
38-->src\main\AndroidManifest.xml:22:9-25:55
39            android:name="com.workoutwarrior.workoutwarrior.UserInfoActivity"
39-->src\main\AndroidManifest.xml:23:13-78
40            android:exported="false"
40-->src\main\AndroidManifest.xml:24:13-37
41            android:parentActivityName="com.workoutwarrior.workoutwarrior.HomeScreen" />
41-->src\main\AndroidManifest.xml:25:13-53
42        <activity
42-->src\main\AndroidManifest.xml:26:9-28:40
43            android:name="com.workoutwarrior.workoutwarrior.CreateUserActivity"
43-->src\main\AndroidManifest.xml:27:13-80
44            android:exported="false" />
44-->src\main\AndroidManifest.xml:28:13-37
45        <activity
45-->src\main\AndroidManifest.xml:29:9-31:40
46            android:name="com.workoutwarrior.workoutwarrior.WelcomeActivity"
46-->src\main\AndroidManifest.xml:30:13-77
47            android:exported="false" />
47-->src\main\AndroidManifest.xml:31:13-37
48        <activity
48-->src\main\AndroidManifest.xml:32:9-34:40
49            android:name="com.workoutwarrior.workoutwarrior.HomeScreen"
49-->src\main\AndroidManifest.xml:33:13-72
50            android:exported="false" />
50-->src\main\AndroidManifest.xml:34:13-37
51        <activity
51-->src\main\AndroidManifest.xml:35:9-38:55
52            android:name="com.workoutwarrior.workoutwarrior.ExerciseInputActivity"
52-->src\main\AndroidManifest.xml:36:13-83
53            android:exported="false"
53-->src\main\AndroidManifest.xml:37:13-37
54            android:parentActivityName="com.workoutwarrior.workoutwarrior.HomeScreen" />
54-->src\main\AndroidManifest.xml:38:13-53
55        <activity
55-->src\main\AndroidManifest.xml:39:9-42:66
56            android:name="com.workoutwarrior.workoutwarrior.ExerciseRecyclerActivity"
56-->src\main\AndroidManifest.xml:40:13-86
57            android:exported="false"
57-->src\main\AndroidManifest.xml:41:13-37
58            android:parentActivityName="com.workoutwarrior.workoutwarrior.ExerciseInputActivity" />
58-->src\main\AndroidManifest.xml:42:13-64
59        <activity
59-->src\main\AndroidManifest.xml:43:9-45:40
60            android:name="com.workoutwarrior.workoutwarrior.ExerciseDetail"
60-->src\main\AndroidManifest.xml:44:13-76
61            android:exported="false" />
61-->src\main\AndroidManifest.xml:45:13-37
62        <activity
62-->src\main\AndroidManifest.xml:46:9-49:64
63            android:name="com.workoutwarrior.workoutwarrior.WorkoutListActivity"
63-->src\main\AndroidManifest.xml:47:13-81
64            android:exported="false"
64-->src\main\AndroidManifest.xml:48:13-37
65            android:parentActivityName="com.workoutwarrior.workoutwarrior.WorkoutSaveActivity" />
65-->src\main\AndroidManifest.xml:49:13-62
66        <activity
66-->src\main\AndroidManifest.xml:50:9-53:55
67            android:name="com.workoutwarrior.workoutwarrior.WorkoutSaveActivity"
67-->src\main\AndroidManifest.xml:51:13-81
68            android:exported="false"
68-->src\main\AndroidManifest.xml:52:13-37
69            android:parentActivityName="com.workoutwarrior.workoutwarrior.HomeScreen" />
69-->src\main\AndroidManifest.xml:53:13-53
70        <activity
70-->src\main\AndroidManifest.xml:56:9-64:20
71            android:name="com.workoutwarrior.workoutwarrior.MainActivity"
71-->src\main\AndroidManifest.xml:57:13-41
72            android:exported="true" >
72-->src\main\AndroidManifest.xml:58:13-36
73            <intent-filter>
73-->src\main\AndroidManifest.xml:59:13-63:29
74                <action android:name="android.intent.action.MAIN" />
74-->src\main\AndroidManifest.xml:60:17-69
74-->src\main\AndroidManifest.xml:60:25-66
75
76                <category android:name="android.intent.category.LAUNCHER" />
76-->src\main\AndroidManifest.xml:62:17-77
76-->src\main\AndroidManifest.xml:62:27-74
77            </intent-filter>
78        </activity>
79
80        <provider
80-->[androidx.emoji2:emoji2:1.2.0] AndroidManifest.xml:24:9-32:20
81            android:name="androidx.startup.InitializationProvider"
81-->[androidx.emoji2:emoji2:1.2.0] AndroidManifest.xml:25:13-67
82            android:authorities="com.workoutwarrior.workoutwarrior.androidx-startup"
82-->[androidx.emoji2:emoji2:1.2.0] AndroidManifest.xml:26:13-68
83            android:exported="false" >
83-->[androidx.emoji2:emoji2:1.2.0] AndroidManifest.xml:27:13-37
84            <meta-data
84-->[androidx.emoji2:emoji2:1.2.0] AndroidManifest.xml:29:13-31:52
85                android:name="androidx.emoji2.text.EmojiCompatInitializer"
85-->[androidx.emoji2:emoji2:1.2.0] AndroidManifest.xml:30:17-75
86                android:value="androidx.startup" />
86-->[androidx.emoji2:emoji2:1.2.0] AndroidManifest.xml:31:17-49
87            <meta-data
87-->[androidx.lifecycle:lifecycle-process:2.4.1] AndroidManifest.xml:31:13-33:52
88                android:name="androidx.lifecycle.ProcessLifecycleInitializer"
88-->[androidx.lifecycle:lifecycle-process:2.4.1] AndroidManifest.xml:32:17-78
89                android:value="androidx.startup" />
89-->[androidx.lifecycle:lifecycle-process:2.4.1] AndroidManifest.xml:33:17-49
90        </provider>
91    </application>
92
93</manifest>